This is pdfTeX, Version 3.1415926-2.3-1.40.12 (MiKTeX 2.9) (preloaded format=pdflatex 2018.1.9)  16 MAR 2018 17:02
entering extended mode
**F:/Á†îÁ©∂ÁîüÊØïËÆæ/work-of-master-s-degree/draft/Ê†°Â∫ÜÊä•Âëä*ÊùéËç£/Ê†°Â∫ÜÊä
•Âëä*texÊ®°Êùø.tex

("F:/Á†îÁ©∂ÁîüÊØïËÆæ/work-of-master-s-degree/draft/Ê†°Â∫ÜÊä•Âëä ÊùéËç£/Ê†°Â∫ÜÊä
•Âëä texÊ®°Êùø.tex"
LaTeX2e <2011/06/27>
Babel <v3.8m> and hyphenation patterns for loaded.
("D:\Program Files (x86)\CTEX\CTeX\tex\latex\cct\cctart.cls"
Document Class: cctart 2004/10/14 Derived from the `article' class
("D:\Program Files (x86)\CTEX\MiKTeX\tex\latex\base\article.cls"
Document Class: article 2007/10/19 v1.4h Standard LaTeX document class
("D:\Program Files (x86)\CTEX\MiKTeX\tex\latex\base\size10.clo"
File: size10.clo 2007/10/19 v1.4h Standard LaTeX file (size option)
)
\c@part=\count79
\c@section=\count80
\c@subsection=\count81
\c@subsubsection=\count82
\c@paragraph=\count83
\c@subparagraph=\count84
\c@figure=\count85
\c@table=\count86
\abovecaptionskip=\skip41
\belowcaptionskip=\skip42
\bibindent=\dimen102
)
("D:\Program Files (x86)\CTEX\CTeX\tex\latex\cct\cctbase.sty"
Package: cctbase 2006/05/17

("D:\Program Files (x86)\CTEX\CTeX\tex\latex\cct\CCT.sty" 0.61803 [2009/11/20]
("D:\Program Files (x86)\CTEX\CTeX\tex\latex\cct\cchead.sty"
\!ZihaoNo=\count87
\ccwd=\dimen103
\ccht=\dimen104
\ccdp=\dimen105
\!ccbox=\box26
\!ccbdskip=\skip43
)
Package: CCT 2009/11/20 0.61803
\@CCTcnta=\count88
\@CCTcntb=\count89
\@CCTlastkern=\count90
\@CCTglue=\skip44
\@CCTtoks=\toks14

("D:\Program Files (x86)\CTEX\CTeX\tex\latex\cct\CCT.cfg")
("D:\Program Files (x86)\CTEX\CTeX\tex\latex\cct\GBKkern.cfg")
("D:\Program Files (x86)\CTEX\CTeX\tex\latex\CJK\GB\c19song.fd")
(\ziti{A}->gbksong)
\@CCTskip=\skip45
)))
("D:\Program Files (x86)\CTEX\MiKTeX\tex\latex\amsfonts\amsfonts.sty"
Package: amsfonts 2009/06/22 v3.00 Basic AMSFonts support
\@emptytoks=\toks15
\symAMSa=\mathgroup4
\symAMSb=\mathgroup5
LaTeX Font Info:    Overwriting math alphabet `\mathfrak' in version `bold'
(Font)                  U/euf/m/n --> U/euf/b/n on input line 96.
)
("D:\Program Files (x86)\CTEX\MiKTeX\tex\latex\base\flafter.sty"
Package: flafter 2000/07/23 v1.2i Standard LaTeX floats after reference (FMi)
)
("D:\Program Files (x86)\CTEX\CTeX\tex\latex\texfriend\mathbbold.sty"
\symbbold=\mathgroup6
)
("D:\Program Files (x86)\CTEX\MiKTeX\tex\latex\jknappen\mathrsfs.sty"
Package: mathrsfs 1996/01/01 Math RSFS package v1.0 (jk)
\symrsfs=\mathgroup7
)
("D:\Program Files (x86)\CTEX\MiKTeX\tex\latex\ams\math\amsmath.sty"
Package: amsmath 2000/07/18 v2.13 AMS math features
\@mathmargin=\skip46

For additional information on amsmath, use the `?' option.
("D:\Program Files (x86)\CTEX\MiKTeX\tex\latex\ams\math\amstext.sty"
Package: amstext 2000/06/29 v2.01

("D:\Program Files (x86)\CTEX\MiKTeX\tex\latex\ams\math\amsgen.sty"
File: amsgen.sty 1999/11/30 v2.0
\@emptytoks=\toks16
\ex@=\dimen106
))
("D:\Program Files (x86)\CTEX\MiKTeX\tex\latex\ams\math\amsbsy.sty"
Package: amsbsy 1999/11/29 v1.2d
\pmbraise@=\dimen107
)
("D:\Program Files (x86)\CTEX\MiKTeX\tex\latex\ams\math\amsopn.sty"
Package: amsopn 1999/12/14 v2.01 operator names
)
\inf@bad=\count91
LaTeX Info: Redefining \frac on input line 211.
\uproot@=\count92
\leftroot@=\count93
LaTeX Info: Redefining \overline on input line 307.
\classnum@=\count94
\DOTSCASE@=\count95
LaTeX Info: Redefining \ldots on input line 379.
LaTeX Info: Redefining \dots on input line 382.
LaTeX Info: Redefining \cdots on input line 467.
\Mathstrutbox@=\box27
\strutbox@=\box28
\big@size=\dimen108
LaTeX Font Info:    Redeclaring font encoding OML on input line 567.
LaTeX Font Info:    Redeclaring font encoding OMS on input line 568.
\macc@depth=\count96
\c@MaxMatrixCols=\count97
\dotsspace@=\muskip10
\c@parentequation=\count98
\dspbrk@lvl=\count99
\tag@help=\toks17
\row@=\count100
\column@=\count101
\maxfields@=\count102
\andhelp@=\toks18
\eqnshift@=\dimen109
\alignsep@=\dimen110
\tagshift@=\dimen111
\tagwidth@=\dimen112
\totwidth@=\dimen113
\lineht@=\dimen114
\@envbody=\toks19
\multlinegap=\skip47
\multlinetaggap=\skip48
\mathdisplay@stack=\toks20
LaTeX Info: Redefining \[ on input line 2666.
LaTeX Info: Redefining \] on input line 2667.
)
("D:\Program Files (x86)\CTEX\MiKTeX\tex\latex\amsfonts\amssymb.sty"
Package: amssymb 2009/06/22 v3.00
)
("D:\Program Files (x86)\CTEX\MiKTeX\tex\latex\base\latexsym.sty"
Package: latexsym 1998/08/17 v2.2e Standard LaTeX package (lasy symbols)
\symlasy=\mathgroup8
LaTeX Font Info:    Overwriting symbol font `lasy' in version `bold'
(Font)                  U/lasy/m/n --> U/lasy/b/n on input line 47.
)
("D:\Program Files (x86)\CTEX\MiKTeX\tex\latex\psfrag\psfrag.sty"
Package: psfrag 1998/04/11 v3.04 PSfrag (MCG)

("D:\Program Files (x86)\CTEX\MiKTeX\tex\latex\graphics\graphics.sty"
Package: graphics 2009/02/05 v1.0o Standard LaTeX Graphics (DPC,SPQR)

("D:\Program Files (x86)\CTEX\MiKTeX\tex\latex\graphics\trig.sty"
Package: trig 1999/03/16 v1.09 sin cos tan (DPC)
)
("D:\Program Files (x86)\CTEX\MiKTeX\tex\latex\00miktex\graphics.cfg"
File: graphics.cfg 2007/01/18 v1.5 graphics configuration of teTeX/TeXLive
)
Package graphics Info: Driver file: pdftex.def on input line 91.

("D:\Program Files (x86)\CTEX\MiKTeX\tex\latex\pdftex-def\pdftex.def"
File: pdftex.def 2011/05/27 v0.06d Graphics/color for pdfTeX

("D:\Program Files (x86)\CTEX\MiKTeX\tex\generic\oberdiek\infwarerr.sty"
Package: infwarerr 2010/04/08 v1.3 Providing info/warning/message (HO)
)
("D:\Program Files (x86)\CTEX\MiKTeX\tex\generic\oberdiek\ltxcmds.sty"
Package: ltxcmds 2011/04/18 v1.20 LaTeX kernel commands for general use (HO)
)
\Gread@gobject=\count103
))
\pfg@pcount=\count104
\pfg@scount=\count105
\pfg@temp=\write3
)
("D:\Program Files (x86)\CTEX\MiKTeX\tex\latex\graphics\graphicx.sty"
Package: graphicx 1999/02/16 v1.0f Enhanced LaTeX Graphics (DPC,SPQR)

("D:\Program Files (x86)\CTEX\MiKTeX\tex\latex\graphics\keyval.sty"
Package: keyval 1999/03/16 v1.13 key=value parser (DPC)
\KV@toks@=\toks21
)
\Gin@req@height=\dimen115
\Gin@req@width=\dimen116
)
("D:\Program Files (x86)\CTEX\MiKTeX\tex\latex\subfigure\subfigure.sty"
Package: subfigure 2002/07/30 v2.1.4 subfigure package
\subfigtopskip=\skip49
\subfigcapskip=\skip50
\subfigcaptopadj=\dimen117
\subfigbottomskip=\skip51
\subfigcapmargin=\dimen118
\subfiglabelskip=\skip52
\c@subfigure=\count106
\c@lofdepth=\count107
\c@subtable=\count108
\c@lotdepth=\count109

****************************************
* Local config file subfigure.cfg used *
****************************************
("D:\Program Files (x86)\CTEX\MiKTeX\tex\latex\subfigure\subfigure.cfg")
\subfig@top=\skip53
\subfig@bottom=\skip54
)
("D:\Program Files (x86)\CTEX\MiKTeX\tex\latex\fancyhdr\fancyhdr.sty"
\fancy@headwidth=\skip55
\f@ncyO@elh=\skip56
\f@ncyO@erh=\skip57
\f@ncyO@olh=\skip58
\f@ncyO@orh=\skip59
\f@ncyO@elf=\skip60
\f@ncyO@erf=\skip61
\f@ncyO@olf=\skip62
\f@ncyO@orf=\skip63
)
("D:\Program Files (x86)\CTEX\MiKTeX\tex\latex\tools\multicol.sty"
Package: multicol 2011/06/27 v1.7a multicolumn formatting (FMi)
\c@tracingmulticols=\count110
\mult@box=\box29
\multicol@leftmargin=\dimen119
\c@unbalance=\count111
\c@collectmore=\count112
\doublecol@number=\count113
\multicoltolerance=\count114
\multicolpretolerance=\count115
\full@width=\dimen120
\page@free=\dimen121
\premulticols=\dimen122
\postmulticols=\dimen123
\multicolsep=\skip64
\multicolbaselineskip=\skip65
\partial@page=\box30
\last@line=\box31
\mult@rightbox=\box32
\mult@grightbox=\box33
\mult@gfirstbox=\box34
\mult@firstbox=\box35
\@tempa=\box36
\@tempa=\box37
\@tempa=\box38
\@tempa=\box39
\@tempa=\box40
\@tempa=\box41
\@tempa=\box42
\@tempa=\box43
\@tempa=\box44
\@tempa=\box45
\@tempa=\box46
\@tempa=\box47
\@tempa=\box48
\@tempa=\box49
\@tempa=\box50
\@tempa=\box51
\@tempa=\box52
\c@columnbadness=\count116
\c@finalcolumnbadness=\count117
\last@try=\dimen124
\multicolovershoot=\dimen125
\multicolundershoot=\dimen126
\mult@nat@firstbox=\box53
\colbreak@box=\box54
\multicol@sort@counter=\count118
)
("D:\Program Files (x86)\CTEX\MiKTeX\tex\latex\tools\enumerate.sty"
Package: enumerate 1999/03/05 v3.00 enumerate extensions (DPC)
\@enLab=\toks22
)
("D:\Program Files (x86)\CTEX\MiKTeX\tex\latex\float\float.sty"
Package: float 2001/11/08 v1.3d Float enhancements (AL)
\c@float@type=\count119
\float@exts=\toks23
\float@box=\box55
\@float@everytoks=\toks24
\@floatcapt=\box56
)
("D:\Program Files (x86)\CTEX\MiKTeX\tex\latex\enumitem\enumitem.sty"
Package: enumitem 2011/09/28 v3.5.2 Customized lists
\labelindent=\skip66
\enit@outerparindent=\dimen127
\enit@toks=\toks25
\enit@inbox=\box57
\enitdp@description=\count120
)
("D:\Program Files (x86)\CTEX\MiKTeX\tex\latex\diagbox\diagbox.sty"
Package: diagbox 2011/11/23 v2.0 Making table heads with diagonal lines

("D:\Program Files (x86)\CTEX\MiKTeX\tex\latex\pict2e\pict2e.sty"
Package: pict2e 2011/04/05 v0.2y Improved picture commands (HjG,RN,JT)

("D:\Program Files (x86)\CTEX\MiKTeX\tex\latex\00miktex\pict2e.cfg"
File: pict2e.cfg 2005/12/29 v1.0 MiKTeX 'pict2e' configuration
)
Package pict2e Info: Driver file: pdftex.def on input line 119.
Package pict2e Info: Driver file for pict2e: p2e-pdftex.def on input line 121.

("D:\Program Files (x86)\CTEX\MiKTeX\tex\latex\pict2e\p2e-pdftex.def"
File: p2e-pdftex.def 2011/04/05 v0.1t Driver-dependant file (RN,HjG,JT)
)
\pIIe@GRAPH=\toks26
\@arclen=\dimen128
\@arcrad=\dimen129
\@tempdimd=\dimen130
)
("D:\Program Files (x86)\CTEX\MiKTeX\tex\latex\fp\fp.sty"
Package: fp 1995/04/02

`Fixed Point Package', Version 0.8, April 2, 1995 (C) Michael Mehlich
("D:\Program Files (x86)\CTEX\MiKTeX\tex\latex\fp\defpattern.sty"
Package: defpattern 1994/10/12
\actioncount=\count121
)
("D:\Program Files (x86)\CTEX\MiKTeX\tex\latex\fp\fp-basic.sty"
Package: fp-basic 1996/05/13
\FP@xs=\count122
\FP@xia=\count123
\FP@xib=\count124
\FP@xfa=\count125
\FP@xfb=\count126
\FP@rega=\count127
\FP@regb=\count128
\FP@regs=\count129
\FP@times=\count130
)
("D:\Program Files (x86)\CTEX\MiKTeX\tex\latex\fp\fp-addons.sty"
Package: fp-addons 1995/03/15
)
("D:\Program Files (x86)\CTEX\MiKTeX\tex\latex\fp\fp-snap.sty"
Package: fp-snap 1995/04/05
)
("D:\Program Files (x86)\CTEX\MiKTeX\tex\latex\fp\fp-exp.sty"
Package: fp-exp 1995/04/03
)
("D:\Program Files (x86)\CTEX\MiKTeX\tex\latex\fp\fp-trigo.sty"
Package: fp-trigo 1995/04/14
)
("D:\Program Files (x86)\CTEX\MiKTeX\tex\latex\fp\fp-pas.sty"
Package: fp-pas 1994/08/29
)
("D:\Program Files (x86)\CTEX\MiKTeX\tex\latex\fp\fp-random.sty"
Package: fp-random 1995/02/23
\FPseed=\count131
)
("D:\Program Files (x86)\CTEX\MiKTeX\tex\latex\fp\fp-eqn.sty"
Package: fp-eqn 1995/04/03
)
("D:\Program Files (x86)\CTEX\MiKTeX\tex\latex\fp\fp-upn.sty"
Package: fp-upn 1996/10/21
)
("D:\Program Files (x86)\CTEX\MiKTeX\tex\latex\fp\fp-eval.sty"
Package: fp-eval 1995/04/03
))
\diagbox@boxa=\box58
\diagbox@boxb=\box59
\diagbox@boxm=\box60
\diagbox@wd=\dimen131
\diagbox@ht=\dimen132
\diagbox@sepl=\dimen133
\diagbox@sepr=\dimen134
)
\mygraphic=\box61

<head.jpg, id=1, 451.6875pt x 451.6875pt>
File: head.jpg Graphic file (type jpg)
 <use head.jpg>
Package pdftex.def Info: head.jpg used on input line 32.
(pdftex.def)             Requested size: 46.97025pt x 46.97505pt.
\c@local=\count132
\c@defi=\count133
\c@theo=\count134

("F:\Á†îÁ©∂ÁîüÊØïËÆæ\work-of-master-s-degree\draft\Ê†°Â∫ÜÊä•Âëä ÊùéËç£\Ê†°Â∫ÜÊä
•Âëä texÊ®°Êùø.aux"

LaTeX Warning: Label `equ:b' multiply defined.

)
LaTeX Font Info:    Checking defaults for OML/cmm/m/it on input line 73.
LaTeX Font Info:    ... okay on input line 73.
LaTeX Font Info:    Checking defaults for T1/cmr/m/n on input line 73.
LaTeX Font Info:    ... okay on input line 73.
LaTeX Font Info:    Checking defaults for OT1/cmr/m/n on input line 73.
LaTeX Font Info:    ... okay on input line 73.
LaTeX Font Info:    Checking defaults for OMS/cmsy/m/n on input line 73.
LaTeX Font Info:    ... okay on input line 73.
LaTeX Font Info:    Checking defaults for OMX/cmex/m/n on input line 73.
LaTeX Font Info:    ... okay on input line 73.
LaTeX Font Info:    Checking defaults for U/cmr/m/n on input line 73.
LaTeX Font Info:    ... okay on input line 73.
 ("D:\Program Files (x86)\CTEX\MiKTeX\tex\context\base\supp-pdf.mkii"
[Loading MPS to PDF converter (version 2006.09.02).]
\scratchcounter=\count135
\scratchdimen=\dimen135
\scratchbox=\box62
\nofMPsegments=\count136
\nofMParguments=\count137
\everyMPshowfont=\toks27
\MPscratchCnt=\count138
\MPscratchDim=\dimen136
\MPnumerator=\count139
\makeMPintoPDFobject=\count140
\everyMPtoPDFconversion=\toks28
) ("D:\Program Files (x86)\CTEX\CTeX\tex\latex\CJK\GB\c19hei.fd")
(\ziti{B}->gbkhei)
Warning: font `bs' not found, trying alternative font `hei'
(\ziti{E}->gbkhei)
LaTeX Font Info:    Try loading font information for U+msa on input line 80.

("D:\Program Files (x86)\CTEX\MiKTeX\tex\latex\amsfonts\umsa.fd"
File: umsa.fd 2009/06/22 v3.00 AMS symbols A
)
LaTeX Font Info:    Try loading font information for U+msb on input line 80.

("D:\Program Files (x86)\CTEX\MiKTeX\tex\latex\amsfonts\umsb.fd"
File: umsb.fd 2009/06/22 v3.00 AMS symbols B
)
LaTeX Font Info:    Try loading font information for U+rsfs on input line 80.

("D:\Program Files (x86)\CTEX\MiKTeX\tex\latex\jknappen\ursfs.fd"
File: ursfs.fd 1998/03/24 rsfs font definition file (jk)
)
LaTeX Font Info:    Try loading font information for U+lasy on input line 80.

("D:\Program Files (x86)\CTEX\MiKTeX\tex\latex\base\ulasy.fd"
File: ulasy.fd 1998/08/17 v2.2e LaTeX symbol font definitions
)
Loading punctuation table gbksong.tbl

LaTeX Font Warning: Font shape `U/bbold/m/n' in size <5> not available
(Font)              size <6> substituted on input line 94.


Underfull \hbox (badness 10000) in paragraph at lines 94--100

 []

LaTeX Font Info:    Try loading font information for OMS+cmr on input line 106.

("D:\Program Files (x86)\CTEX\MiKTeX\tex\latex\base\omscmr.fd"
File: omscmr.fd 1999/05/25 v2.5h Standard LaTeX font definitions
)
LaTeX Font Info:    Font shape `OMS/cmr/bx/n' in size <12> not available
(Font)              Font shape `OMS/cmsy/b/n' tried instead on input line 106.
 [1
Non-PDF special ignored!{D:/Program Files (x86)/CTEX/UserData/pdftex/config/pdf
tex.map{Unicode.sfd}{UGBK.sfd}}

 <F:/Á†îÁ©∂ÁîüÊØïËÆæ/work-of-master-s-degree/draft/Ê†°Â∫ÜÊä•Âëä ÊùéËç£/head.jpg
>]
Underfull \hbox (badness 10000) in paragraph at lines 113--114
[]\gbksong37-10.5  \gbksong58-10.5 © \gbksong41-10.5 u \gbksong59-10.5 y \gbks
ong60-10.5 ‘ \gbksong48-10.5 ˆ\OT1/cmr/m/n/10 NTM\gbksong60-10.5 ∆ \gbksong59-1
0.5 S \gbksong45-10.5 \ \gbksong41-10.5 { \gbksong26-10.5 ß| \gbksong38-10.5 ¶ 
\gbksong41-10.5 { \gbksong40-10.5  \gbksong56-10.5 é \gbksong41-10.5 {
 []

[2] <new_task.jpg, id=74, 372.64218pt x 143.03438pt>
File: new_task.jpg Graphic file (type jpg)
 <use new_task.jpg>
Package pdftex.def Info: new_task.jpg used on input line 140.
(pdftex.def)             Requested size: 252.94499pt x 97.08966pt.

Overfull \hbox (5.0pt too wide) in paragraph at lines 140--141
 [][] 
 []

[3 <F:/Á†îÁ©∂ÁîüÊØïËÆæ/work-of-master-s-degree/draft/Ê†°Â∫ÜÊä•Âëä ÊùéËç£/new_ta
sk.jpg>] <ntm_architecture.png, id=81, 994.71625pt x 733.74126pt>
File: ntm_architecture.png Graphic file (type png)

<use ntm_architecture.png>
Package pdftex.def Info: ntm_architecture.png used on input line 173.
(pdftex.def)             Requested size: 252.94499pt x 186.58093pt.
LaTeX Font Info:    Font shape `OMS/cmr/bx/n' in size <10> not available
(Font)              Font shape `OMS/cmsy/b/n' tried instead on input line 180.
 [4] Loading punctuation table gbkhei.tbl [5 <F:/Á†îÁ©∂ÁîüÊØïËÆæ/work-of-master
-s-degree/draft/Ê†°Â∫ÜÊä•Âëä ÊùéËç£/ntm_architecture.png>] <copy.png, id=97, 46
2.528pt x 346.896pt>
File: copy.png Graphic file (type png)
 <use copy.png>
Package pdftex.def Info: copy.png used on input line 298.
(pdftex.def)             Requested size: 166.94463pt x 125.21063pt.

<add.png, id=98, 462.528pt x 346.896pt>
File: add.png Graphic file (type png)
 <use add.png>
Package pdftex.def Info: add.png used on input line 304.
(pdftex.def)             Requested size: 166.94463pt x 125.21063pt.

<multip.png, id=99, 462.528pt x 346.896pt>
File: multip.png Graphic file (type png)
 <use multip.png>
Package pdftex.def Info: multip.png used on input line 310.
(pdftex.def)             Requested size: 166.94463pt x 125.21063pt.

Overfull \hbox (19.38828pt too wide) in paragraph at lines 298--311
[][] [] [] 
 []

[6] <memory_of_copy.png, id=104, 462.528pt x 346.896pt>
File: memory_of_copy.png Graphic file (type png)

<use memory_of_copy.png>
Package pdftex.def Info: memory_of_copy.png used on input line 325.
(pdftex.def)             Requested size: 227.64894pt x 170.73744pt.
 <memory_of_add.png, id=105, 462.528pt x 346.896pt>
File: memory_of_add.png Graphic file (type png)

<use memory_of_add.png>
Package pdftex.def Info: memory_of_add.png used on input line 331.
(pdftex.def)             Requested size: 227.64894pt x 170.73744pt.

("F:\Á†îÁ©∂ÁîüÊØïËÆæ\work-of-master-s-degree\draft\Ê†°Â∫ÜÊä•Âëä ÊùéËç£\Ê†°Â∫ÜÊä
•Âëä texÊ®°Êùø.bbl"
("D:\Program Files (x86)\CTEX\CTeX\tex\latex\CJK\GB\c19kai.fd")
(\ziti{C}->gbkkai) [7] [8 <F:/Á†îÁ©∂ÁîüÊØïËÆæ/work-of-master-s-degree/draft/Ê†°
Â∫ÜÊä•Âëä ÊùéËç£/copy.png> <F:/Á†îÁ©∂ÁîüÊØïËÆæ/work-of-master-s-degree/draft/Ê†
°Â∫ÜÊä•Âëä ÊùéËç£/add.png> <F:/Á†îÁ©∂ÁîüÊØïËÆæ/work-of-master-s-degree/draft/Ê†
°Â∫ÜÊä•Âëä ÊùéËç£/multip.png>]) [9 <F:/Á†îÁ©∂ÁîüÊØïËÆæ/work-of-master-s-degree/
draft/Ê†°Â∫ÜÊä•Âëä ÊùéËç£/memory_of_copy.png> <F:/Á†îÁ©∂ÁîüÊØïËÆæ/work-of-maste
r-s-degree/draft/Ê†°Â∫ÜÊä•Âëä ÊùéËç£/memory_of_add.png>]
("F:\Á†îÁ©∂ÁîüÊØïËÆæ\work-of-master-s-degree\draft\Ê†°Â∫ÜÊä•Âëä ÊùéËç£\Ê†°Â∫ÜÊä
•Âëä texÊ®°Êùø.aux")

LaTeX Font Warning: Size substitutions with differences
(Font)              up to 1.0pt have occurred.


LaTeX Warning: There were multiply-defined labels.

 ) 
Here is how much of TeX's memory you used:
 4689 strings out of 495354
 60558 string characters out of 3182740
 162962 words of memory out of 3000000
 7640 multiletter control sequences out of 15000+200000
 49146 words of font info for 183 fonts, out of 3000000 for 9000
 14 hyphenation exceptions out of 8191
 32i,15n,43p,1042b,629s stack positions out of 5000i,500n,10000p,200000b,50000s
<D:/Program Files (x86)/CTEX/CTeX/fonts/truetype/chinese/simsun.ttf><C:/WINDO
WS/Fonts/simhei.ttf><C:/WINDOWS/Fonts/simhei.ttf><C:/WINDOWS/Fonts/simhei.ttf><
C:/WINDOWS/Fonts/simhei.ttf><C:/WINDOWS/Fonts/simhei.ttf><C:/WINDOWS/Fonts/simh
ei.ttf><C:/WINDOWS/Fonts/simhei.ttf><C:/WINDOWS/Fonts/simhei.ttf><C:/WINDOWS/Fo
nts/simhei.ttf><C:/WINDOWS/Fonts/simhei.ttf><C:/WINDOWS/Fonts/simhei.ttf><C:/WI
NDOWS/Fonts/simhei.ttf><C:/WINDOWS/Fonts/simhei.ttf><D:/Program Files (x86)/CTE
X/CTeX/fonts/truetype/chinese/simsun.ttf><D:/Program Files (x86)/CTEX/CTeX/font
s/truetype/chinese/simsun.ttf><D:/Program Files (x86)/CTEX/CTeX/fonts/truetype/
chinese/simsun.ttf><D:/Program Files (x86)/CTEX/CTeX/fonts/truetype/chinese/sim
sun.ttf><D:/Program Files (x86)/CTEX/CTeX/fonts/truetype/chinese/simsun.ttf><D:
/Program Files (x86)/CTEX/CTeX/fonts/truetype/chinese/simsun.ttf><D:/Program Fi
les (x86)/CTEX/CTeX/fonts/truetype/chinese/simsun.ttf><D:/Program Files (x86)/C
TEX/CTeX/fonts/truetype/chinese/simsun.ttf><D:/Program Files (x86)/CTEX/CTeX/fo
nts/truetype/chinese/simsun.ttf><D:/Program Files (x86)/CTEX/CTeX/fonts/truetyp
e/chinese/simsun.ttf><D:/Program Files (x86)/CTEX/CTeX/fonts/truetype/chinese/s
imsun.ttf><D:/Program Files (x86)/CTEX/CTeX/fonts/truetype/chinese/simsun.ttf><
C:/WINDOWS/Fonts/simhei.ttf><C:/WINDOWS/Fonts/simhei.ttf><D:/Program Files (x86
)/CTEX/CTeX/fonts/truetype/chinese/simsun.ttf><D:/Program Files (x86)/CTEX/CTeX
/fonts/truetype/chinese/simsun.ttf><D:/Program Files (x86)/CTEX/CTeX/fonts/true
type/chinese/simsun.ttf><D:/Program Files (x86)/CTEX/CTeX/fonts/truetype/chines
e/simsun.ttf><D:/Program Files (x86)/CTEX/CTeX/fonts/truetype/chinese/simsun.tt
f><D:/Program Files (x86)/CTEX/CTeX/fonts/truetype/chinese/simsun.ttf><D:/Progr
am Files (x86)/CTEX/CTeX/fonts/truetype/chinese/simsun.ttf><D:/Program Files (x
86)/CTEX/CTeX/fonts/truetype/chinese/simsun.ttf><D:/Program Files (x86)/CTEX/CT
eX/fonts/truetype/chinese/simsun.ttf><D:/Program Files (x86)/CTEX/CTeX/fonts/tr
uetype/chinese/simsun.ttf><C:/WINDOWS/Fonts/simhei.ttf><C:/WINDOWS/Fonts/simhei
.ttf><C:/WINDOWS/Fonts/simhei.ttf><C:/WINDOWS/Fonts/simhei.ttf><C:/WINDOWS/Font
s/simhei.ttf><C:/WINDOWS/Fonts/simhei.ttf><C:/WINDOWS/Fonts/simhei.ttf><C:/WIND
OWS/Fonts/simhei.ttf><C:/WINDOWS/Fonts/simhei.ttf><C:/WINDOWS/Fonts/simhei.ttf>
<C:/WINDOWS/Fonts/simhei.ttf><C:/WINDOWS/Fonts/simhei.ttf><D:/Program Files (x8
6)/CTEX/CTeX/fonts/truetype/chinese/simsun.ttf><D:/Program Files (x86)/CTEX/CTe
X/fonts/truetype/chinese/simsun.ttf><D:/Program Files (x86)/CTEX/CTeX/fonts/tru
etype/chinese/simsun.ttf><D:/Program Files (x86)/CTEX/CTeX/fonts/truetype/chine
se/simsun.ttf><D:/Program Files (x86)/CTEX/CTeX/fonts/truetype/chinese/simsun.t
tf><D:/Program Files (x86)/CTEX/CTeX/fonts/truetype/chinese/simsun.ttf><D:/Prog
ram Files (x86)/CTEX/CTeX/fonts/truetype/chinese/simsun.ttf><D:/Program Files (
x86)/CTEX/CTeX/fonts/truetype/chinese/simsun.ttf><D:/Program Files (x86)/CTEX/C
TeX/fonts/truetype/chinese/simsun.ttf><D:/Program Files (x86)/CTEX/CTeX/fonts/t
ruetype/chinese/simsun.ttf><D:/Program Files (x86)/CTEX/MiKTeX/fonts/type1/publ
ic/amsfonts/cm/cmbsy10.pfb><D:/Program Files (x86)/CTEX/MiKTeX/fonts/type1/publ
ic/amsfonts/cm/cmbx10.pfb><D:/Program Files (x86)/CTEX/MiKTeX/fonts/type1/publi
c/amsfonts/cm/cmbx12.pfb><D:/Program Files (x86)/CTEX/MiKTeX/fonts/type1/public
/amsfonts/cm/cmex10.pfb><D:/Program Files (x86)/CTEX/MiKTeX/fonts/type1/public/
amsfonts/cm/cmmi10.pfb><D:/Program Files (x86)/CTEX/MiKTeX/fonts/type1/public/a
msfonts/cm/cmmi12.pfb><D:/Program Files (x86)/CTEX/MiKTeX/fonts/type1/public/am
sfonts/cm/cmmi5.pfb><D:/Program Files (x86)/CTEX/MiKTeX/fonts/type1/public/amsf
onts/cm/cmmi7.pfb><D:/Program Files (x86)/CTEX/MiKTeX/fonts/type1/public/amsfon
ts/cm/cmr10.pfb><D:/Program Files (x86)/CTEX/MiKTeX/fonts/type1/public/amsfonts
/cm/cmr12.pfb><D:/Program Files (x86)/CTEX/MiKTeX/fonts/type1/public/amsfonts/c
m/cmr5.pfb><D:/Program Files (x86)/CTEX/MiKTeX/fonts/type1/public/amsfonts/cm/c
mr7.pfb><D:/Program Files (x86)/CTEX/MiKTeX/fonts/type1/public/amsfonts/cm/cmr8
.pfb><D:/Program Files (x86)/CTEX/MiKTeX/fonts/type1/public/amsfonts/cm/cmr9.pf
b><D:/Program Files (x86)/CTEX/MiKTeX/fonts/type1/public/amsfonts/cm/cmsy10.pfb
><D:/Program Files (x86)/CTEX/MiKTeX/fonts/type1/public/amsfonts/cm/cmsy7.pfb><
D:/Program Files (x86)/CTEX/MiKTeX/fonts/type1/public/amsfonts/cm/cmti9.pfb><D:
/Program Files (x86)/CTEX/MiKTeX/fonts/type1/public/amsfonts/symbols/msam10.pfb
>
Output written on "Ê†°Â∫ÜÊä•Âëä texÊ®°Êùø.pdf" (9 pages, 928738 bytes).
PDF statistics:
 359 PDF objects out of 1000 (max. 8388607)
 0 named destinations out of 1000 (max. 500000)
 41 words of extra memory for PDF output out of 10000 (max. 10000000)

