This is pdfTeX, Version 3.1415926-2.3-1.40.12 (MiKTeX 2.9) (preloaded format=pdflatex 2018.1.9)  1 MAR 2018 11:04
entering extended mode
**F:/Á†îÁ©∂ÁîüÊØïËÆæ/work-of-master-s-degree/draft/Ê†°Â∫ÜÊä•Âëä*texÊ®°Êùø/Ê†°Â∫
ÜÊä•Âëä*texÊ®°Êùø.tex

("F:/Á†îÁ©∂ÁîüÊØïËÆæ/work-of-master-s-degree/draft/Ê†°Â∫ÜÊä•Âëä texÊ®°Êùø/Ê†°Â∫
ÜÊä•Âëä texÊ®°Êùø.tex"
LaTeX2e <2011/06/27>
Babel <v3.8m> and hyphenation patterns for loaded.
("D:\Program Files (x86)\CTEX\CTeX\tex\latex\cct\cctart.cls"
Document Class: cctart 2004/10/14 Derived from the `article' class
("D:\Program Files (x86)\CTEX\MiKTeX\tex\latex\base\article.cls"
Document Class: article 2007/10/19 v1.4h Standard LaTeX document class
("D:\Program Files (x86)\CTEX\MiKTeX\tex\latex\base\size10.clo"
File: size10.clo 2007/10/19 v1.4h Standard LaTeX file (size option)
)
\c@part=\count79
\c@section=\count80
\c@subsection=\count81
\c@subsubsection=\count82
\c@paragraph=\count83
\c@subparagraph=\count84
\c@figure=\count85
\c@table=\count86
\abovecaptionskip=\skip41
\belowcaptionskip=\skip42
\bibindent=\dimen102
)
("D:\Program Files (x86)\CTEX\CTeX\tex\latex\cct\cctbase.sty"
Package: cctbase 2006/05/17

("D:\Program Files (x86)\CTEX\CTeX\tex\latex\cct\CCT.sty" 0.61803 [2009/11/20]
("D:\Program Files (x86)\CTEX\CTeX\tex\latex\cct\cchead.sty"
\!ZihaoNo=\count87
\ccwd=\dimen103
\ccht=\dimen104
\ccdp=\dimen105
\!ccbox=\box26
\!ccbdskip=\skip43
)
Package: CCT 2009/11/20 0.61803
\@CCTcnta=\count88
\@CCTcntb=\count89
\@CCTlastkern=\count90
\@CCTglue=\skip44
\@CCTtoks=\toks14

("D:\Program Files (x86)\CTEX\CTeX\tex\latex\cct\CCT.cfg")
("D:\Program Files (x86)\CTEX\CTeX\tex\latex\cct\GBKkern.cfg")
("D:\Program Files (x86)\CTEX\CTeX\tex\latex\CJK\GB\c19song.fd")
(\ziti{A}->gbksong)
\@CCTskip=\skip45
)))
("D:\Program Files (x86)\CTEX\MiKTeX\tex\latex\amsfonts\amsfonts.sty"
Package: amsfonts 2009/06/22 v3.00 Basic AMSFonts support
\@emptytoks=\toks15
\symAMSa=\mathgroup4
\symAMSb=\mathgroup5
LaTeX Font Info:    Overwriting math alphabet `\mathfrak' in version `bold'
(Font)                  U/euf/m/n --> U/euf/b/n on input line 96.
)
("D:\Program Files (x86)\CTEX\MiKTeX\tex\latex\base\flafter.sty"
Package: flafter 2000/07/23 v1.2i Standard LaTeX floats after reference (FMi)
)
("D:\Program Files (x86)\CTEX\CTeX\tex\latex\texfriend\mathbbold.sty"
\symbbold=\mathgroup6
)
("D:\Program Files (x86)\CTEX\MiKTeX\tex\latex\jknappen\mathrsfs.sty"
Package: mathrsfs 1996/01/01 Math RSFS package v1.0 (jk)
\symrsfs=\mathgroup7
)
("D:\Program Files (x86)\CTEX\MiKTeX\tex\latex\ams\math\amsmath.sty"
Package: amsmath 2000/07/18 v2.13 AMS math features
\@mathmargin=\skip46

For additional information on amsmath, use the `?' option.
("D:\Program Files (x86)\CTEX\MiKTeX\tex\latex\ams\math\amstext.sty"
Package: amstext 2000/06/29 v2.01

("D:\Program Files (x86)\CTEX\MiKTeX\tex\latex\ams\math\amsgen.sty"
File: amsgen.sty 1999/11/30 v2.0
\@emptytoks=\toks16
\ex@=\dimen106
))
("D:\Program Files (x86)\CTEX\MiKTeX\tex\latex\ams\math\amsbsy.sty"
Package: amsbsy 1999/11/29 v1.2d
\pmbraise@=\dimen107
)
("D:\Program Files (x86)\CTEX\MiKTeX\tex\latex\ams\math\amsopn.sty"
Package: amsopn 1999/12/14 v2.01 operator names
)
\inf@bad=\count91
LaTeX Info: Redefining \frac on input line 211.
\uproot@=\count92
\leftroot@=\count93
LaTeX Info: Redefining \overline on input line 307.
\classnum@=\count94
\DOTSCASE@=\count95
LaTeX Info: Redefining \ldots on input line 379.
LaTeX Info: Redefining \dots on input line 382.
LaTeX Info: Redefining \cdots on input line 467.
\Mathstrutbox@=\box27
\strutbox@=\box28
\big@size=\dimen108
LaTeX Font Info:    Redeclaring font encoding OML on input line 567.
LaTeX Font Info:    Redeclaring font encoding OMS on input line 568.
\macc@depth=\count96
\c@MaxMatrixCols=\count97
\dotsspace@=\muskip10
\c@parentequation=\count98
\dspbrk@lvl=\count99
\tag@help=\toks17
\row@=\count100
\column@=\count101
\maxfields@=\count102
\andhelp@=\toks18
\eqnshift@=\dimen109
\alignsep@=\dimen110
\tagshift@=\dimen111
\tagwidth@=\dimen112
\totwidth@=\dimen113
\lineht@=\dimen114
\@envbody=\toks19
\multlinegap=\skip47
\multlinetaggap=\skip48
\mathdisplay@stack=\toks20
LaTeX Info: Redefining \[ on input line 2666.
LaTeX Info: Redefining \] on input line 2667.
)
("D:\Program Files (x86)\CTEX\MiKTeX\tex\latex\amsfonts\amssymb.sty"
Package: amssymb 2009/06/22 v3.00
)
("D:\Program Files (x86)\CTEX\MiKTeX\tex\latex\base\latexsym.sty"
Package: latexsym 1998/08/17 v2.2e Standard LaTeX package (lasy symbols)
\symlasy=\mathgroup8
LaTeX Font Info:    Overwriting symbol font `lasy' in version `bold'
(Font)                  U/lasy/m/n --> U/lasy/b/n on input line 47.
)
("D:\Program Files (x86)\CTEX\MiKTeX\tex\latex\psfrag\psfrag.sty"
Package: psfrag 1998/04/11 v3.04 PSfrag (MCG)

("D:\Program Files (x86)\CTEX\MiKTeX\tex\latex\graphics\graphics.sty"
Package: graphics 2009/02/05 v1.0o Standard LaTeX Graphics (DPC,SPQR)

("D:\Program Files (x86)\CTEX\MiKTeX\tex\latex\graphics\trig.sty"
Package: trig 1999/03/16 v1.09 sin cos tan (DPC)
)
("D:\Program Files (x86)\CTEX\MiKTeX\tex\latex\00miktex\graphics.cfg"
File: graphics.cfg 2007/01/18 v1.5 graphics configuration of teTeX/TeXLive
)
Package graphics Info: Driver file: pdftex.def on input line 91.

("D:\Program Files (x86)\CTEX\MiKTeX\tex\latex\pdftex-def\pdftex.def"
File: pdftex.def 2011/05/27 v0.06d Graphics/color for pdfTeX

("D:\Program Files (x86)\CTEX\MiKTeX\tex\generic\oberdiek\infwarerr.sty"
Package: infwarerr 2010/04/08 v1.3 Providing info/warning/message (HO)
)
("D:\Program Files (x86)\CTEX\MiKTeX\tex\generic\oberdiek\ltxcmds.sty"
Package: ltxcmds 2011/04/18 v1.20 LaTeX kernel commands for general use (HO)
)
\Gread@gobject=\count103
))
\pfg@pcount=\count104
\pfg@scount=\count105
\pfg@temp=\write3
)
("D:\Program Files (x86)\CTEX\MiKTeX\tex\latex\graphics\graphicx.sty"
Package: graphicx 1999/02/16 v1.0f Enhanced LaTeX Graphics (DPC,SPQR)

("D:\Program Files (x86)\CTEX\MiKTeX\tex\latex\graphics\keyval.sty"
Package: keyval 1999/03/16 v1.13 key=value parser (DPC)
\KV@toks@=\toks21
)
\Gin@req@height=\dimen115
\Gin@req@width=\dimen116
)
("D:\Program Files (x86)\CTEX\MiKTeX\tex\latex\subfigure\subfigure.sty"
Package: subfigure 2002/07/30 v2.1.4 subfigure package
\subfigtopskip=\skip49
\subfigcapskip=\skip50
\subfigcaptopadj=\dimen117
\subfigbottomskip=\skip51
\subfigcapmargin=\dimen118
\subfiglabelskip=\skip52
\c@subfigure=\count106
\c@lofdepth=\count107
\c@subtable=\count108
\c@lotdepth=\count109

****************************************
* Local config file subfigure.cfg used *
****************************************
("D:\Program Files (x86)\CTEX\MiKTeX\tex\latex\subfigure\subfigure.cfg")
\subfig@top=\skip53
\subfig@bottom=\skip54
)
("D:\Program Files (x86)\CTEX\MiKTeX\tex\latex\fancyhdr\fancyhdr.sty"
\fancy@headwidth=\skip55
\f@ncyO@elh=\skip56
\f@ncyO@erh=\skip57
\f@ncyO@olh=\skip58
\f@ncyO@orh=\skip59
\f@ncyO@elf=\skip60
\f@ncyO@erf=\skip61
\f@ncyO@olf=\skip62
\f@ncyO@orf=\skip63
)
("D:\Program Files (x86)\CTEX\MiKTeX\tex\latex\tools\multicol.sty"
Package: multicol 2011/06/27 v1.7a multicolumn formatting (FMi)
\c@tracingmulticols=\count110
\mult@box=\box29
\multicol@leftmargin=\dimen119
\c@unbalance=\count111
\c@collectmore=\count112
\doublecol@number=\count113
\multicoltolerance=\count114
\multicolpretolerance=\count115
\full@width=\dimen120
\page@free=\dimen121
\premulticols=\dimen122
\postmulticols=\dimen123
\multicolsep=\skip64
\multicolbaselineskip=\skip65
\partial@page=\box30
\last@line=\box31
\mult@rightbox=\box32
\mult@grightbox=\box33
\mult@gfirstbox=\box34
\mult@firstbox=\box35
\@tempa=\box36
\@tempa=\box37
\@tempa=\box38
\@tempa=\box39
\@tempa=\box40
\@tempa=\box41
\@tempa=\box42
\@tempa=\box43
\@tempa=\box44
\@tempa=\box45
\@tempa=\box46
\@tempa=\box47
\@tempa=\box48
\@tempa=\box49
\@tempa=\box50
\@tempa=\box51
\@tempa=\box52
\c@columnbadness=\count116
\c@finalcolumnbadness=\count117
\last@try=\dimen124
\multicolovershoot=\dimen125
\multicolundershoot=\dimen126
\mult@nat@firstbox=\box53
\colbreak@box=\box54
\multicol@sort@counter=\count118
)
\mygraphic=\box55

<head.jpg, id=1, 451.6875pt x 451.6875pt>
File: head.jpg Graphic file (type jpg)
 <use head.jpg>
Package pdftex.def Info: head.jpg used on input line 25.
(pdftex.def)             Requested size: 46.97025pt x 46.97505pt.
\c@local=\count119
\c@defi=\count120
\c@theo=\count121

("F:\Á†îÁ©∂ÁîüÊØïËÆæ\work-of-master-s-degree\draft\Ê†°Â∫ÜÊä•Âëä texÊ®°Êùø\Ê†°Â∫
ÜÊä•Âëä texÊ®°Êùø.aux")
LaTeX Font Info:    Checking defaults for OML/cmm/m/it on input line 54.
LaTeX Font Info:    ... okay on input line 54.
LaTeX Font Info:    Checking defaults for T1/cmr/m/n on input line 54.
LaTeX Font Info:    ... okay on input line 54.
LaTeX Font Info:    Checking defaults for OT1/cmr/m/n on input line 54.
LaTeX Font Info:    ... okay on input line 54.
LaTeX Font Info:    Checking defaults for OMS/cmsy/m/n on input line 54.
LaTeX Font Info:    ... okay on input line 54.
LaTeX Font Info:    Checking defaults for OMX/cmex/m/n on input line 54.
LaTeX Font Info:    ... okay on input line 54.
LaTeX Font Info:    Checking defaults for U/cmr/m/n on input line 54.
LaTeX Font Info:    ... okay on input line 54.

("D:\Program Files (x86)\CTEX\MiKTeX\tex\context\base\supp-pdf.mkii"
[Loading MPS to PDF converter (version 2006.09.02).]
\scratchcounter=\count122
\scratchdimen=\dimen127
\scratchbox=\box56
\nofMPsegments=\count123
\nofMParguments=\count124
\everyMPshowfont=\toks22
\MPscratchCnt=\count125
\MPscratchDim=\dimen128
\MPnumerator=\count126
\makeMPintoPDFobject=\count127
\everyMPtoPDFconversion=\toks23
) ("D:\Program Files (x86)\CTEX\CTeX\tex\latex\CJK\GB\c19hei.fd")
(\ziti{B}->gbkhei)
Warning: font `bs' not found, trying alternative font `hei'
(\ziti{E}->gbkhei)
LaTeX Font Info:    Try loading font information for U+msa on input line 61.

("D:\Program Files (x86)\CTEX\MiKTeX\tex\latex\amsfonts\umsa.fd"
File: umsa.fd 2009/06/22 v3.00 AMS symbols A
)
LaTeX Font Info:    Try loading font information for U+msb on input line 61.

("D:\Program Files (x86)\CTEX\MiKTeX\tex\latex\amsfonts\umsb.fd"
File: umsb.fd 2009/06/22 v3.00 AMS symbols B
)
LaTeX Font Info:    Try loading font information for U+rsfs on input line 61.

("D:\Program Files (x86)\CTEX\MiKTeX\tex\latex\jknappen\ursfs.fd"
File: ursfs.fd 1998/03/24 rsfs font definition file (jk)
)
LaTeX Font Info:    Try loading font information for U+lasy on input line 61.

("D:\Program Files (x86)\CTEX\MiKTeX\tex\latex\base\ulasy.fd"
File: ulasy.fd 1998/08/17 v2.2e LaTeX symbol font definitions
)

LaTeX Font Warning: Font shape `U/bbold/m/n' in size <5> not available
(Font)              size <6> substituted on input line 65.

Loading punctuation table gbksong.tbl
Underfull \hbox (badness 10000) in paragraph at lines 79--85

 []

LaTeX Font Info:    Try loading font information for OMS+cmr on input line 91.
("D:\Program Files (x86)\CTEX\MiKTeX\tex\latex\base\omscmr.fd"
File: omscmr.fd 1999/05/25 v2.5h Standard LaTeX font definitions
)
LaTeX Font Info:    Font shape `OMS/cmr/bx/n' in size <12> not available
(Font)              Font shape `OMS/cmsy/b/n' tried instead on input line 91.

Underfull \hbox (badness 10000) in paragraph at lines 97--101
[]\OT1/cmr/m/n/10 2010\gbksong51-10.5 c "\OT1/cmr/m/n/10 , Richard A. Brual-di,
 Ze-jun
 []

[1
Non-PDF special ignored!{D:/Program Files (x86)/CTEX/UserData/pdftex/config/pdf
tex.map{Unicode.sfd}{UGBK.sfd}}

 <F:/Á†îÁ©∂ÁîüÊØïËÆæ/work-of-master-s-degree/draft/Ê†°Â∫ÜÊä•Âëä texÊ®°Êùø/head.
jpg>]
Underfull \hbox (badness 10000) in paragraph at lines 124--125

 []


Underfull \hbox (badness 10000) in paragraph at lines 137--140
[]\gbksong65-10.5 5\OT1/cmr/m/n/10 :\gbksong37-10.5  \gbksong57-10.5 ^ \gbkson
g40-10.5 Ω \gbksong48-10.5 n \gbksong40-10.5  \gbksong61-10.5 ø ¬ \gbksong63-1
0.5 3 \gbksong62-10.5 u\OT1/cmr/m/n/10 , \gbksong42-10.5 â \gbksong38-10.5 — \g
bksong49-10.5 
 \gbksong45-10.5 4 \gbksong39-10.5 å \gbksong41-10.5 ö \gbksong52-10.5 €
 []


Underfull \hbox (badness 10000) in paragraph at lines 142--143
[]\gbksong46-10.5  \gbksong59-10.5 e \gbksong48-10.5 5 \gbksong42-10.5 â \gbks
ong38-10.5 — \gbksong40-10.5  \gbksong55-10.5 ¥$\OML/cmm/m/it/10 n > \OT1/cmr/
m/n/10 1$\gbksong55-10.5 û\OT1/cmr/m/n/10 , $\OML/cmm/m/it/10 n$\gbksong46-10.5
 $\OML/cmm/m/it/10 ]\OT1/cmr/m/n/10 1$\gbksong45-10.5 4 \gbksong39-10.5 å \gbk
song41-10.5 ö \gbksong52-10.5 €
 []


Underfull \hbox (badness 10000) in paragraph at lines 153--157

 []


Underfull \hbox (badness 10000) in paragraph at lines 158--164

 []

[2]
Underfull \hbox (badness 10000) in paragraph at lines 249--250

 []


Underfull \hbox (badness 10000) in paragraph at lines 261--268
[]$\OML/cmm/m/it/10 N[]\OMS/cmsy/m/n/10  $\gbksong46-10.5 › \gbksong64-10.5 
 \gbksong55-10.5 ¥ \gbksong64-10.5 ç\OT1/cmr/m/n/10 , \gbksong52-10.5 Ÿ \gbkson
g56-10.5 § \gbksong62-10.5 k \gbksong40-10.5  \gbksong64-10.5 Ã \gbksong65-10.
5 f \gbksong55-10.5 ™ \gbksong40-10.5 — \gbksong55-10.5 ¥ \gbksong41-10.5 ö \gb
ksong64-10.5  \gbksong40-10.5 \OT1/cmr/m/n/10 .
 []

[3]
Underfull \hbox (badness 10000) in paragraph at lines 285--286

 []


Underfull \hbox (badness 6559) in paragraph at lines 327--328
[]\OT1/cmr/m/n/9 Davis\gbksong26-9 ß| \OT1/cmr/m/n/9 Chandler Com-plet-ing a ma
-trix so as to
 []


Underfull \hbox (badness 10000) in paragraph at lines 327--328
\OT1/cmr/m/n/9 in-ter-po-la-tion\gbksong26-9 ß| \OT1/cmr/m/n/9 87\gbksong29-9 ı
\OT1/cmr/m/n/9 95\gbksong26-9 ß| \OT1/cmr/m/n/9 Oper. The-o-ry Ad-v. Ap-
 []

[4]
("F:\Á†îÁ©∂ÁîüÊØïËÆæ\work-of-master-s-degree\draft\Ê†°Â∫ÜÊä•Âëä texÊ®°Êùø\Ê†°Â∫
ÜÊä•Âëä texÊ®°Êùø.aux")

LaTeX Font Warning: Size substitutions with differences
(Font)              up to 1.0pt have occurred.

 ) 
Here is how much of TeX's memory you used:
 3400 strings out of 495354
 43158 string characters out of 3182740
 131035 words of memory out of 3000000
 6420 multiletter control sequences out of 15000+200000
 50200 words of font info for 191 fonts, out of 3000000 for 9000
 14 hyphenation exceptions out of 8191
 29i,11n,43p,413b,427s stack positions out of 5000i,500n,10000p,200000b,50000s
<D:/Program Files (x86)/CTEX/CTeX/fonts/truetype/chinese/simsun.ttf><C:/WINDO
WS/Fonts/simhei.ttf><C:/WINDOWS/Fonts/simhei.ttf><C:/WINDOWS/Fonts/simhei.ttf><
C:/WINDOWS/Fonts/simhei.ttf><C:/WINDOWS/Fonts/simhei.ttf><D:/Program Files (x86
)/CTEX/CTeX/fonts/truetype/chinese/simsun.ttf><D:/Program Files (x86)/CTEX/CTeX
/fonts/truetype/chinese/simsun.ttf><D:/Program Files (x86)/CTEX/CTeX/fonts/true
type/chinese/simsun.ttf><D:/Program Files (x86)/CTEX/CTeX/fonts/truetype/chines
e/simsun.ttf><D:/Program Files (x86)/CTEX/CTeX/fonts/truetype/chinese/simsun.tt
f><C:/WINDOWS/Fonts/simhei.ttf><D:/Program Files (x86)/CTEX/CTeX/fonts/truetype
/chinese/simsun.ttf><C:/WINDOWS/Fonts/simhei.ttf><D:/Program Files (x86)/CTEX/C
TeX/fonts/truetype/chinese/simsun.ttf><D:/Program Files (x86)/CTEX/CTeX/fonts/t
ruetype/chinese/simsun.ttf><D:/Program Files (x86)/CTEX/CTeX/fonts/truetype/chi
nese/simsun.ttf><D:/Program Files (x86)/CTEX/CTeX/fonts/truetype/chinese/simsun
.ttf><D:/Program Files (x86)/CTEX/CTeX/fonts/truetype/chinese/simsun.ttf><D:/Pr
ogram Files (x86)/CTEX/CTeX/fonts/truetype/chinese/simsun.ttf><D:/Program Files
 (x86)/CTEX/CTeX/fonts/truetype/chinese/simsun.ttf><D:/Program Files (x86)/CTEX
/CTeX/fonts/truetype/chinese/simsun.ttf><D:/Program Files (x86)/CTEX/CTeX/fonts
/truetype/chinese/simsun.ttf><D:/Program Files (x86)/CTEX/CTeX/fonts/truetype/c
hinese/simsun.ttf><D:/Program Files (x86)/CTEX/CTeX/fonts/truetype/chinese/sims
un.ttf><D:/Program Files (x86)/CTEX/CTeX/fonts/truetype/chinese/simsun.ttf><D:/
Program Files (x86)/CTEX/CTeX/fonts/truetype/chinese/simsun.ttf><D:/Program Fil
es (x86)/CTEX/CTeX/fonts/truetype/chinese/simsun.ttf><D:/Program Files (x86)/CT
EX/CTeX/fonts/truetype/chinese/simsun.ttf><D:/Program Files (x86)/CTEX/CTeX/fon
ts/truetype/chinese/simsun.ttf><D:/Program Files (x86)/CTEX/CTeX/fonts/truetype
/chinese/simsun.ttf><D:/Program Files (x86)/CTEX/CTeX/fonts/truetype/chinese/si
msun.ttf><C:/WINDOWS/Fonts/simhei.ttf><C:/WINDOWS/Fonts/simhei.ttf><C:/WINDOWS/
Fonts/simhei.ttf><C:/WINDOWS/Fonts/simhei.ttf><C:/WINDOWS/Fonts/simhei.ttf><C:/
WINDOWS/Fonts/simhei.ttf><C:/WINDOWS/Fonts/simhei.ttf><C:/WINDOWS/Fonts/simhei.
ttf><C:/WINDOWS/Fonts/simhei.ttf><C:/WINDOWS/Fonts/simhei.ttf><C:/WINDOWS/Fonts
/simhei.ttf><C:/WINDOWS/Fonts/simhei.ttf><C:/WINDOWS/Fonts/simhei.ttf><C:/WINDO
WS/Fonts/simhei.ttf><C:/WINDOWS/Fonts/simhei.ttf><C:/WINDOWS/Fonts/simhei.ttf><
D:/Program Files (x86)/CTEX/CTeX/fonts/truetype/chinese/simsun.ttf><D:/Program 
Files (x86)/CTEX/CTeX/fonts/truetype/chinese/simsun.ttf><D:/Program Files (x86)
/CTEX/CTeX/fonts/truetype/chinese/simsun.ttf><D:/Program Files (x86)/CTEX/CTeX/
fonts/truetype/chinese/simsun.ttf><D:/Program Files (x86)/CTEX/CTeX/fonts/truet
ype/chinese/simsun.ttf><D:/Program Files (x86)/CTEX/CTeX/fonts/truetype/chinese
/simsun.ttf><D:/Program Files (x86)/CTEX/CTeX/fonts/truetype/chinese/simsun.ttf
><D:/Program Files (x86)/CTEX/CTeX/fonts/truetype/chinese/simsun.ttf><D:/Progra
m Files (x86)/CTEX/CTeX/fonts/truetype/chinese/simsun.ttf><D:/Program Files (x8
6)/CTEX/CTeX/fonts/truetype/chinese/simsun.ttf><D:/Program Files (x86)/CTEX/MiK
TeX/fonts/type1/public/amsfonts/cm/cmbsy10.pfb><D:/Program Files (x86)/CTEX/MiK
TeX/fonts/type1/public/amsfonts/cm/cmbx10.pfb><D:/Program Files (x86)/CTEX/MiKT
eX/fonts/type1/public/amsfonts/cm/cmbx12.pfb><D:/Program Files (x86)/CTEX/MiKTe
X/fonts/type1/public/amsfonts/cm/cmex10.pfb><D:/Program Files (x86)/CTEX/MiKTeX
/fonts/type1/public/amsfonts/cm/cmmi10.pfb><D:/Program Files (x86)/CTEX/MiKTeX/
fonts/type1/public/amsfonts/cm/cmmi12.pfb><D:/Program Files (x86)/CTEX/MiKTeX/f
onts/type1/public/amsfonts/cm/cmmi5.pfb><D:/Program Files (x86)/CTEX/MiKTeX/fon
ts/type1/public/amsfonts/cm/cmmi7.pfb><D:/Program Files (x86)/CTEX/MiKTeX/fonts
/type1/public/amsfonts/cm/cmmi9.pfb><D:/Program Files (x86)/CTEX/MiKTeX/fonts/t
ype1/public/amsfonts/cm/cmr10.pfb><D:/Program Files (x86)/CTEX/MiKTeX/fonts/typ
e1/public/amsfonts/cm/cmr12.pfb><D:/Program Files (x86)/CTEX/MiKTeX/fonts/type1
/public/amsfonts/cm/cmr5.pfb><D:/Program Files (x86)/CTEX/MiKTeX/fonts/type1/pu
blic/amsfonts/cm/cmr6.pfb><D:/Program Files (x86)/CTEX/MiKTeX/fonts/type1/publi
c/amsfonts/cm/cmr7.pfb><D:/Program Files (x86)/CTEX/MiKTeX/fonts/type1/public/a
msfonts/cm/cmr8.pfb><D:/Program Files (x86)/CTEX/MiKTeX/fonts/type1/public/amsf
onts/cm/cmr9.pfb><D:/Program Files (x86)/CTEX/MiKTeX/fonts/type1/public/amsfont
s/cm/cmsy10.pfb><D:/Program Files (x86)/CTEX/MiKTeX/fonts/type1/public/amsfonts
/cm/cmsy7.pfb><D:/Program Files (x86)/CTEX/MiKTeX/fonts/type1/public/amsfonts/l
atxfont/lasy10.pfb><D:/Program Files (x86)/CTEX/MiKTeX/fonts/type1/public/amsfo
nts/symbols/msam10.pfb><D:/Program Files (x86)/CTEX/MiKTeX/fonts/type1/public/a
msfonts/symbols/msbm10.pfb>
Output written on "Ê†°Â∫ÜÊä•Âëä texÊ®°Êùø.pdf" (4 pages, 595811 bytes).
PDF statistics:
 332 PDF objects out of 1000 (max. 8388607)
 0 named destinations out of 1000 (max. 500000)
 6 words of extra memory for PDF output out of 10000 (max. 10000000)

